[    0.000000] Initializing cgroup subsys cpuset
[    0.000000] Initializing cgroup subsys cpu
[    0.000000] Initializing cgroup subsys cpuacct
[    0.000000] Linux version 4.4.0-165-generic (buildd@lgw01-amd64-027) (gcc version 5.4.0 20160609 (Ubuntu 5.4.0-6ubuntu1~16.04.10) ) #193-Ubuntu SMP Tue Sep 17 17:42:52 UTC 2019 (Ubuntu 4.4.0-165.193-generic 4.4.189)
[    0.000000] Command line: BOOT_IMAGE=/boot/vmlinuz-4.4.0-165-generic root=UUID=550dd3ae-7e36-4ee8-99c7-73d48a45f588 ro console=tty1 console=ttyS0
[    0.000000] KERNEL supported cpus:
[    0.000000]   Intel GenuineIntel
[    0.000000]   AMD AuthenticAMD
[    0.000000]   Centaur CentaurHauls
[    0.000000] x86/fpu: xstate_offset[2]:  576, xstate_sizes[2]:  256
[    0.000000] x86/fpu: Supporting XSAVE feature 0x01: 'x87 floating point registers'
[    0.000000] x86/fpu: Supporting XSAVE feature 0x02: 'SSE registers'
[    0.000000] x86/fpu: Supporting XSAVE feature 0x04: 'AVX registers'
[    0.000000] x86/fpu: Enabled xstate features 0x7, context size is 832 bytes, using 'standard' format.
[    0.000000] e820: BIOS-provided physical RAM map:
[    0.000000] BIOS-e820: [mem 0x0000000000000000-0x000000000009fbff] usable
[    0.000000] BIOS-e820: [mem 0x000000000009fc00-0x000000000009ffff] reserved
[    0.000000] BIOS-e820: [mem 0x00000000000f0000-0x00000000000fffff] reserved
[    0.000000] BIOS-e820: [mem 0x0000000000100000-0x000000003ffeffff] usable
[    0.000000] BIOS-e820: [mem 0x000000003fff0000-0x000000003fffffff] ACPI data
[    0.000000] BIOS-e820: [mem 0x00000000fec00000-0x00000000fec00fff] reserved
[    0.000000] BIOS-e820: [mem 0x00000000fee00000-0x00000000fee00fff] reserved
[    0.000000] BIOS-e820: [mem 0x00000000fffc0000-0x00000000ffffffff] reserved
[    0.000000] NX (Execute Disable) protection: active
[    0.000000] SMBIOS 2.5 present.
[    0.000000] Hypervisor detected: KVM
[    0.000000] e820: last_pfn = 0x3fff0 max_arch_pfn = 0x400000000
[    0.000000] MTRR: Disabled
[    0.000000] x86/PAT: MTRRs disabled, skipping PAT initialization too.
[    0.000000] CPU MTRRs all blank - virtualized system.
[    0.000000] x86/PAT: Configuration [0-7]: WB  WT  UC- UC  WB  WT  UC- UC  
[    0.000000] found SMP MP-table at [mem 0x0009fff0-0x0009ffff] mapped at [ffff88000009fff0]
[    0.000000] Scanning 1 areas for low memory corruption
[    0.000000] RAMDISK: [mem 0x361e2000-0x370e8fff]
[    0.000000] ACPI: Early table checksum verification disabled
[    0.000000] ACPI: RSDP 0x00000000000E0000 000024 (v02 VBOX  )
[    0.000000] ACPI: XSDT 0x000000003FFF0030 00003C (v01 VBOX   VBOXXSDT 00000001 ASL  00000061)
[    0.000000] ACPI: FACP 0x000000003FFF00F0 0000F4 (v04 VBOX   VBOXFACP 00000001 ASL  00000061)
[    0.000000] ACPI: DSDT 0x000000003FFF0470 0022EA (v02 VBOX   VBOXBIOS 00000002 INTL 20100528)
[    0.000000] ACPI: FACS 0x000000003FFF0200 000040
[    0.000000] ACPI: FACS 0x000000003FFF0200 000040
[    0.000000] ACPI: APIC 0x000000003FFF0240 00005C (v02 VBOX   VBOXAPIC 00000001 ASL  00000061)
[    0.000000] ACPI: SSDT 0x000000003FFF02A0 0001CC (v01 VBOX   VBOXCPUT 00000002 INTL 20100528)
[    0.000000] No NUMA configuration found
[    0.000000] Faking a node at [mem 0x0000000000000000-0x000000003ffeffff]
[    0.000000] NODE_DATA(0) allocated [mem 0x3ffeb000-0x3ffeffff]
[    0.000000] kvm-clock: Using msrs 4b564d01 and 4b564d00
[    0.000000] kvm-clock: cpu 0, msr 0:3ffe3001, primary cpu clock
[    0.000000] kvm-clock: using sched offset of 4073959211 cycles
[    0.000000] clocksource: kvm-clock: mask: 0xffffffffffffffff max_cycles: 0x1cd42e4dffb, max_idle_ns: 881590591483 ns
[    0.000000] Zone ranges:
[    0.000000]   DMA      [mem 0x0000000000001000-0x0000000000ffffff]
[    0.000000]   DMA32    [mem 0x0000000001000000-0x000000003ffeffff]
[    0.000000]   Normal   empty
[    0.000000]   Device   empty
[    0.000000] Movable zone start for each node
[    0.000000] Early memory node ranges
[    0.000000]   node   0: [mem 0x0000000000001000-0x000000000009efff]
[    0.000000]   node   0: [mem 0x0000000000100000-0x000000003ffeffff]
[    0.000000] Initmem setup node 0 [mem 0x0000000000001000-0x000000003ffeffff]
[    0.000000] ACPI: PM-Timer IO Port: 0x4008
[    0.000000] IOAPIC[0]: apic_id 2, version 32, address 0xfec00000, GSI 0-23
[    0.000000] ACPI: INT_SRC_OVR (bus 0 bus_irq 0 global_irq 2 dfl dfl)
[    0.000000] ACPI: INT_SRC_OVR (bus 0 bus_irq 9 global_irq 9 low level)
[    0.000000] Using ACPI (MADT) for SMP configuration information
[    0.000000] smpboot: Allowing 2 CPUs, 0 hotplug CPUs
[    0.000000] PM: Registered nosave memory: [mem 0x00000000-0x00000fff]
[    0.000000] PM: Registered nosave memory: [mem 0x0009f000-0x0009ffff]
[    0.000000] PM: Registered nosave memory: [mem 0x000a0000-0x000effff]
[    0.000000] PM: Registered nosave memory: [mem 0x000f0000-0x000fffff]
[    0.000000] e820: [mem 0x40000000-0xfebfffff] available for PCI devices
[    0.000000] Booting paravirtualized kernel on KVM
[    0.000000] clocksource: refined-jiffies: mask: 0xffffffff max_cycles: 0xffffffff, max_idle_ns: 7645519600211568 ns
[    0.000000] setup_percpu: NR_CPUS:512 nr_cpumask_bits:512 nr_cpu_ids:2 nr_node_ids:1
[    0.000000] PERCPU: Embedded 34 pages/cpu @ffff88003fc00000 s99544 r8192 d31528 u1048576
[    0.000000] Built 1 zonelists in Node order, mobility grouping on.  Total pages: 257912
[    0.000000] Policy zone: DMA32
[    0.000000] Kernel command line: BOOT_IMAGE=/boot/vmlinuz-4.4.0-165-generic root=UUID=550dd3ae-7e36-4ee8-99c7-73d48a45f588 ro console=tty1 console=ttyS0
[    0.000000] PID hash table entries: 4096 (order: 3, 32768 bytes)
[    0.000000] Memory: 997172K/1048120K available (8621K kernel code, 1335K rwdata, 4032K rodata, 1484K init, 1284K bss, 50948K reserved, 0K cma-reserved)
[    0.000000] SLUB: HWalign=64, Order=0-3, MinObjects=0, CPUs=2, Nodes=1
[    0.000000] Kernel/User page tables isolation: enabled
[    0.000000] Hierarchical RCU implementation.
[    0.000000] 	Build-time adjustment of leaf fanout to 64.
[    0.000000] 	RCU restricting CPUs from NR_CPUS=512 to nr_cpu_ids=2.
[    0.000000] RCU: Adjusting geometry for rcu_fanout_leaf=64, nr_cpu_ids=2
[    0.000000] NR_IRQS:33024 nr_irqs:440 16
[    0.000000] Console: colour VGA+ 80x25
[    0.000000] console [tty1] enabled
[    0.000000] console [ttyS0] enabled
[    0.000000] tsc: Detected 3191.998 MHz processor
[    0.160755] Calibrating delay loop (skipped) preset value.. 6383.99 BogoMIPS (lpj=12767992)
[    0.162664] pid_max: default: 32768 minimum: 301
[    0.163688] ACPI: Core revision 20150930
[    0.165353] ACPI: 2 ACPI AML tables successfully acquired and loaded
[    0.166977] Security Framework initialized
[    0.167917] Yama: becoming mindful.
[    0.168806] AppArmor: AppArmor initialized
[    0.169743] Dentry cache hash table entries: 131072 (order: 8, 1048576 bytes)
[    0.172560] Inode-cache hash table entries: 65536 (order: 7, 524288 bytes)
[    0.174039] Mount-cache hash table entries: 2048 (order: 2, 16384 bytes)
[    0.175509] Mountpoint-cache hash table entries: 2048 (order: 2, 16384 bytes)
[    0.178038] Initializing cgroup subsys io
[    0.179180] Initializing cgroup subsys memory
[    0.180396] Initializing cgroup subsys devices
[    0.181387] Initializing cgroup subsys freezer
[    0.182374] Initializing cgroup subsys net_cls
[    0.183362] Initializing cgroup subsys perf_event
[    0.184441] Initializing cgroup subsys net_prio
[    0.185418] Initializing cgroup subsys hugetlb
[    0.186983] Initializing cgroup subsys pids
[    0.189040] mce: CPU supports 0 MCE banks
[    0.190088] Last level iTLB entries: 4KB 128, 2MB 8, 4MB 8
[    0.191557] Last level dTLB entries: 4KB 64, 2MB 0, 4MB 0, 1GB 4
[    0.193026] Spectre V1 : Mitigation: usercopy/swapgs barriers and __user pointer sanitization
[    0.194969] Spectre V2 : Mitigation: Full generic retpoline
[    0.196484] Spectre V2 : Spectre v2 / SpectreRSB mitigation: Filling RSB on context switch
[    0.198338] Speculative Store Bypass: Vulnerable
[    0.199438] MDS: Mitigation: Clear CPU buffers
[    0.203072] Freeing SMP alternatives memory: 36K
[    0.210698] ftrace: allocating 32318 entries in 127 pages
[    0.274007] smpboot: APIC(0) Converting physical 0 to logical package 0
[    0.275892] smpboot: Max logical packages: 1
[    0.277144] x2apic enabled
[    0.278161] Switched APIC routing to physical x2apic.
[    0.280589] ..TIMER: vector=0x30 apic1=0 pin1=2 apic2=-1 pin2=-1
[    0.388072] smpboot: CPU0: Intel(R) Core(TM) i5-6500 CPU @ 3.20GHz (family: 0x6, model: 0x5e, stepping: 0x3)
[    0.391504] Performance Events: unsupported p6 CPU model 94 no PMU driver, software events only.
[    0.403130] KVM setup paravirtual spinlock
[    0.405504] x86: Booting SMP configuration:
[    0.407419] .... node  #0, CPUs:      #1
[    0.408864] kvm-clock: cpu 1, msr 0:3ffe3041, secondary cpu clock
[    0.411229] mce: CPU supports 0 MCE banks
[    0.414140] x86: Booted up 1 node, 2 CPUs
[    0.415650] smpboot: Total of 2 processors activated (12767.99 BogoMIPS)
[    0.417674] devtmpfs: initialized
[    0.420280] evm: security.selinux
[    0.421218] evm: security.SMACK64
[    0.422037] evm: security.SMACK64EXEC
[    0.422911] evm: security.SMACK64TRANSMUTE
[    0.423839] evm: security.SMACK64MMAP
[    0.424790] evm: security.ima
[    0.425503] evm: security.capability
[    0.426646] clocksource: jiffies: mask: 0xffffffff max_cycles: 0xffffffff, max_idle_ns: 7645041785100000 ns
[    0.429091] futex hash table entries: 512 (order: 3, 32768 bytes)
[    0.430455] pinctrl core: initialized pinctrl subsystem
[    0.431679] RTC time: 15:30:19, date: 11/13/19
[    0.432875] NET: Registered protocol family 16
[    0.444237] cpuidle: using governor ladder
[    0.456220] cpuidle: using governor menu
[    0.457504] PCCT header not found.
[    0.458896] ACPI: bus type PCI registered
[    0.459943] acpiphp: ACPI Hot Plug PCI Controller Driver version: 0.5
[    0.461634] PCI: Using configuration type 1 for base access
[    0.477073] ACPI: Added _OSI(Module Device)
[    0.478725] ACPI: Added _OSI(Processor Device)
[    0.479754] ACPI: Added _OSI(3.0 _SCP Extensions)
[    0.480803] ACPI: Added _OSI(Processor Aggregator Device)
[    0.482684] ACPI: Executed 1 blocks of module-level executable AML code
[    0.486179] ACPI: Interpreter enabled
[    0.487419] ACPI: (supports S0 S5)
[    0.488283] ACPI: Using IOAPIC for interrupt routing
[    0.489618] PCI: Using host bridge windows from ACPI; if necessary, use "pci=nocrs" and report a bug
[    0.495564] ACPI: PCI Root Bridge [PCI0] (domain 0000 [bus 00-ff])
[    0.497555] acpi PNP0A03:00: _OSC: OS supports [ASPM ClockPM Segments MSI]
[    0.499930] acpi PNP0A03:00: _OSC: not requesting OS control; OS requires [ExtendedConfig ASPM ClockPM MSI]
[    0.502397] acpi PNP0A03:00: fail to add MMCONFIG information, can't access extended PCI configuration space under this bridge.
[    0.505206] PCI host bridge to bus 0000:00
[    0.506322] pci_bus 0000:00: root bus resource [io  0x0000-0x0cf7 window]
[    0.507791] pci_bus 0000:00: root bus resource [io  0x0d00-0xffff window]
[    0.509165] pci_bus 0000:00: root bus resource [mem 0x000a0000-0x000bffff window]
[    0.510830] pci_bus 0000:00: root bus resource [mem 0x40000000-0xfdffffff window]
[    0.512925] pci_bus 0000:00: root bus resource [bus 00-ff]
[    0.516880] pci 0000:00:01.1: legacy IDE quirk: reg 0x10: [io  0x01f0-0x01f7]
[    0.518651] pci 0000:00:01.1: legacy IDE quirk: reg 0x14: [io  0x03f6]
[    0.520040] pci 0000:00:01.1: legacy IDE quirk: reg 0x18: [io  0x0170-0x0177]
[    0.521505] pci 0000:00:01.1: legacy IDE quirk: reg 0x1c: [io  0x0376]
[    0.551196] pci 0000:00:07.0: quirk: [io  0x4000-0x403f] claimed by PIIX4 ACPI
[    0.553447] pci 0000:00:07.0: quirk: [io  0x4100-0x410f] claimed by PIIX4 SMB
[    0.563907] ACPI: PCI Interrupt Link [LNKA] (IRQs 5 9 10 *11)
[    0.566368] ACPI: PCI Interrupt Link [LNKB] (IRQs 5 9 *10 11)
[    0.568604] ACPI: PCI Interrupt Link [LNKC] (IRQs 5 *9 10 11)
[    0.570787] ACPI: PCI Interrupt Link [LNKD] (IRQs 5 9 10 *11)
[    0.573249] ACPI: Enabled 2 GPEs in block 00 to 07
[    0.575219] vgaarb: setting as boot device: PCI:0000:00:02.0
[    0.577034] vgaarb: device added: PCI:0000:00:02.0,decodes=io+mem,owns=io+mem,locks=none
[    0.579508] vgaarb: loaded
[    0.580447] vgaarb: bridge control possible 0000:00:02.0
[    0.582688] SCSI subsystem initialized
[    0.584192] ACPI: bus type USB registered
[    0.585559] usbcore: registered new interface driver usbfs
[    0.587188] usbcore: registered new interface driver hub
[    0.588476] usbcore: registered new device driver usb
[    0.590132] PCI: Using ACPI for IRQ routing
[    0.591974] NetLabel: Initializing
[    0.593155] NetLabel:  domain hash size = 128
[    0.594466] NetLabel:  protocols = UNLABELED CIPSOv4
[    0.598255] NetLabel:  unlabeled traffic allowed by default
[    0.600235] amd_nb: Cannot enumerate AMD northbridges
[    0.601724] clocksource: Switched to clocksource kvm-clock
[    0.614369] AppArmor: AppArmor Filesystem Enabled
[    0.615798] pnp: PnP ACPI init
[    0.618081] pnp: PnP ACPI: found 3 devices
[    0.632327] clocksource: acpi_pm: mask: 0xffffff max_cycles: 0xffffff, max_idle_ns: 2085701024 ns
[    0.635012] NET: Registered protocol family 2
[    0.636726] TCP established hash table entries: 8192 (order: 4, 65536 bytes)
[    0.639047] TCP bind hash table entries: 8192 (order: 5, 131072 bytes)
[    0.640852] TCP: Hash tables configured (established 8192 bind 8192)
[    0.642636] UDP hash table entries: 512 (order: 2, 16384 bytes)
[    0.644566] UDP-Lite hash table entries: 512 (order: 2, 16384 bytes)
[    0.646175] NET: Registered protocol family 1
[    0.647567] pci 0000:00:00.0: Limiting direct PCI/PCI transfers
[    0.649176] pci 0000:00:01.0: Activating ISA DMA hang workarounds
[    0.650634] Unpacking initramfs...
[    0.858659] Freeing initrd memory: 15388K
[    0.860662] clocksource: tsc: mask: 0xffffffffffffffff max_cycles: 0x2e02c314322, max_idle_ns: 440795292111 ns
[    0.864093] platform rtc_cmos: registered platform RTC device (no PNP device found)
[    0.866160] Scanning for low memory corruption every 60 seconds
[    0.868097] audit: initializing netlink subsys (disabled)
[    0.869827] audit: type=2000 audit(1573659025.589:1): initialized
[    0.871981] Initialise system trusted keyring
[    0.873693] HugeTLB registered 2 MB page size, pre-allocated 0 pages
[    0.876740] zbud: loaded
[    0.878138] VFS: Disk quotas dquot_6.6.0
[    0.879227] VFS: Dquot-cache hash table entries: 512 (order 0, 4096 bytes)
[    0.881045] squashfs: version 4.0 (2009/01/31) Phillip Lougher
[    0.882932] fuse init (API version 7.23)
[    0.884221] Key type big_key registered
[    0.885161] Allocating IMA MOK and blacklist keyrings.
[    0.887474] Key type asymmetric registered
[    0.888533] Asymmetric key parser 'x509' registered
[    0.889633] Block layer SCSI generic (bsg) driver version 0.4 loaded (major 249)
[    0.891418] io scheduler noop registered
[    0.892328] io scheduler deadline registered (default)
[    0.893464] io scheduler cfq registered
[    0.894469] pci_hotplug: PCI Hot Plug PCI Core version: 0.5
[    0.895701] pciehp: PCI Express Hot Plug Controller Driver version: 0.4
[    0.897246] ACPI: AC Adapter [AC] (on-line)
[    0.898461] input: Power Button as /devices/LNXSYSTM:00/LNXPWRBN:00/input/input0
[    0.901412] ACPI: Power Button [PWRF]
[    0.902536] input: Sleep Button as /devices/LNXSYSTM:00/LNXSLPBN:00/input/input1
[    0.904557] ACPI: Sleep Button [SLPF]
[    0.906161] GHES: HEST is not enabled!
[    0.907439] Serial: 8250/16550 driver, 32 ports, IRQ sharing enabled
[    0.929584] 00:02: ttyS0 at I/ 0x3f8 (irq = 4, base_baud = 115200) is a 16550A[    0.960829] Linux agpgart interface v0.103
[    0.966437] loop: module loaded
[    0.968679] scsi host0: ata_piix
[    0.970549] scsi host1: ata_piix
[    0.972032] ata1: PATA max UDMA/33 cmd 0x1f0 ctl 0x3f6 bmdma 0xd000 irq 14
[    0.973837] ata2: PATA max UDMA/33 cmd 0x170 ctl 0x376 bmdma 0xd008 irq 15
[    0.976024] libphy: Fixed MDIO Bus: probed
[    0.977608] tun: Universal TUN/TAP device driver, 1.6
[    0.978897] tun: (C) 1999-2004 Max Krasnyansky <maxk@qualcomm.com>
[    0.980224] PPP generic driver version 2.4.2
[    0.981348] ehci_hcd: USB 2.0 'Enhanced' Host Controller (EHCI) Driver
[    0.982764] ehci-pci: EHCI PCI platform driver
[    0.983793] ehci-platform: EHCI generic platform driver
[    0.985081] ohci_hcd: USB 1.1 'Open' Host Controller (OHCI) Driver
[    0.986792] ohci-pci: OHCI PCI platform driver
[    0.988033] ohci-platform: OHCI generic platform driver
[    0.989368] uhci_hcd: USB Universal Host Controller Interface driver
[    0.990996] i8042: PNP: PS/2 Controller [PNP0303:PS2K,PNP0f03:PS2M] at 0x60,0x64 irq 1,12
[    0.993419] serio: i8042 KBD port at 0x60,0x64 irq 1
[    0.994915] serio: i8042 AUX port at 0x60,0x64 irq 12
[    0.996279] mousedev: PS/2 mouse device common for all mice
[    0.998091] input: AT Translated Set 2 keyboard as /devices/platform/i8042/serio0/input/input2
[    1.000108] rtc_cmos rtc_cmos: rtc core: registered rtc_cmos as rtc0
[    1.001554] rtc_cmos rtc_cmos: alarms up to one day, 114 bytes nvram
[    1.002936] i2c /dev entries driver
[    1.003821] device-mapper: uevent: version 1.0.3
[    1.004945] device-mapper: ioctl: 4.34.0-ioctl (2015-10-28) initialised: dm-devel@redhat.com
[    1.006882] ledtrig-cpu: registered to indicate activity on CPUs
[    1.008700] NET: Registered protocol family 10
[    1.010503] NET: Registered protocol family 17
[    1.011777] Key type dns_resolver registered
[    1.013188] registered taskstats version 1
[    1.014705] Loading compiled-in X.509 certificates
[    1.016673] Loaded X.509 cert 'Build time autogenerated kernel key: 0ed82eac04367aa6426493b1389455ebf6830eaa'
[    1.019429] zswap: loaded using pool lzo/zbud
[    1.022179] Key type trusted registered
[    1.025923] Key type encrypted registered
[    1.027295] AppArmor: AppArmor sha1 policy hashing enabled
[    1.028563] ima: No TPM chip found, activating TPM-bypass!
[    1.029709] ima: Allocated hash algorithm: sha1
[    1.031049] evm: HMAC attrs: 0x1
[    1.032200]   Magic number: 11:77:538
[    1.033087] tty ttyS18: hash matches
[    1.034029] rtc_cmos rtc_cmos: setting system clock to 2019-11-13 15:30:20 UTC (1573659020)
[    1.036049] BIOS EDD facility v0.16 2004-Jun-25, 0 devices found
[    1.037373] EDD information not available.
[    1.130987] Freeing unused kernel memory: 1484K
[    1.132831] Write protecting the kernel read-only data: 14336k
[    1.135300] Freeing unused kernel memory: 1608K
[    1.137066] Freeing unused kernel memory: 64K
Loading, please wait...
starting version 229
[    1.151732] random: systemd-udevd: uninitialized urandom read (16 bytes read, 3 bits of entropy available)
[    1.152384] random: udevadm: uninitialized urandom read (16 bytes read, 3 bits of entropy available)
[    1.152401] random: udevadm: uninitialized urandom read (16 bytes read, 3 bits of entropy available)
[    1.159589] random: systemd-udevd: uninitialized urandom read (16 bytes read, 3 bits of entropy available)
[    1.160084] random: udevadm: uninitialized urandom read (16 bytes read, 3 bits of entropy available)
[    1.160119] random: udevadm: uninitialized urandom read (16 bytes read, 3 bits of entropy available)
[    1.160350] random: udevadm: uninitialized urandom read (16 bytes read, 3 bits of entropy available)
[    1.160402] random: udevadm: uninitialized urandom read (16 bytes read, 3 bits of entropy available)
[    1.160439] random: udevadm: uninitialized urandom read (16 bytes read, 3 bits of entropy available)
[    1.160479] random: udevadm: uninitialized urandom read (16 bytes read, 3 bits of entropy available)
[    1.199463] Fusion MPT base driver 3.04.20
[    1.201119] Copyright (c) 1999-2008 LSI Corporation
[    1.204811] e1000: Intel(R) PRO/1000 Network Driver - version 7.3.21-k8-NAPI
[    1.206812] e1000: Copyright (c) 1999-2006 Intel Corporation.
[    1.213688] Fusion MPT SPI Host driver 3.04.20
[    1.221193] AVX2 version of gcm_enc/dec engaged.
[    1.223294] AES CTR mode by8 optimization enabled
[    1.402925] input: ImExPS/2 Generic Explorer Mouse as /devices/platform/i8042/serio1/input/input4
[    1.599147] e1000 0000:00:03.0 eth0: (PCI:33MHz:32-bit) 02:af:57:b2:64:eb
[    1.602039] e1000 0000:00:03.0 eth0: Intel(R) PRO/1000 Network Connection
[    1.605014] mptbase: ioc0: Initiating bringup
[    1.605672] e1000 0000:00:03.0 enp0s3: renamed from eth0
[    1.670525] ioc0: LSI53C1030 A0: Capabilities={Initiator}
[    1.832708] scsi host2: ioc0: LSI53C1030 A0, FwRev=00000000h, Ports=1, MaxQ=256, IRQ=20
[    1.950699] scsi 2:0:0:0: Direct-Access     VBOX     HARDDISK         1.0  PQ: 0 ANSI: 5
[    1.953731] scsi target2:0:0: Beginning Domain Validation
[    1.956494] scsi target2:0:0: Domain Validation skipping write tests
[    1.957903] scsi target2:0:0: Ending Domain Validation
[    1.959148] scsi target2:0:0: asynchronous
[    1.960629] scsi 2:0:1:0: Direct-Access     VBOX     HARDDISK         1.0  PQ: 0 ANSI: 5
[    1.962553] scsi target2:0:1: Beginning Domain Validation
[    1.964412] scsi target2:0:1: Domain Validation skipping write tests
[    1.966038] scsi target2:0:1: Ending Domain Validation
[    1.967208] scsi target2:0:1: asynchronous
[    1.982657] sd 2:0:0:0: [sda] 20971520 512-byte logical blocks: (10.7 GB/10.0 GiB)
[    1.982870] sd 2:0:0:0: Attached scsi generic sg0 type 0
[    1.983371] sd 2:0:1:0: Attached scsi generic sg1 type 0
[    1.983452] sd 2:0:1:0: [sdb] 20480 512-byte logical blocks: (10.5 MB/10.0 MiB)
[    1.983670] sd 2:0:1:0: [sdb] Write Protect is off
[    1.983746] sd 2:0:1:0: [sdb] Incomplete mode parameter data
[    1.983747] sd 2:0:1:0: [sdb] Assuming drive cache: write through
[    1.991750] sd 2:0:1:0: [sdb] Attached SCSI disk
[    1.994772] sd 2:0:0:0: [sda] Write Protect is off
[    1.996352] sd 2:0:0:0: [sda] Incomplete mode parameter data
[    1.997940] sd 2:0:0:0: [sda] Assuming drive cache: write through
[    2.001254]  sda: sda1
[    2.002555] sd 2:0:0:0: [sda] Attached SCSI disk
Begin: Loading essential drivers ... [    3.328836] md: linear personality registered for level -1
[    3.333370] md: multipath personality registered for level -4
[    3.337365] md: raid0 personality registered for level 0
[    3.342497] md: raid1 personality registered for level 1
[    3.414286] raid6: sse2x1   gen() 12381 MB/s
[    3.482055] raid6: sse2x1   xor()  9064 MB/s
[    3.549766] raid6: sse2x2   gen() 14767 MB/s
[    3.618030] raid6: sse2x2   xor()  9887 MB/s
[    3.685763] raid6: sse2x4   gen() 17226 MB/s
[    3.753958] raid6: sse2x4   xor() 10992 MB/s
[    3.821861] raid6: avx2x1   gen() 23695 MB/s
[    3.890206] raid6: avx2x2   gen() 27757 MB/s
[    3.958001] raid6: avx2x4   gen() 26318 MB/s
[    3.959350] raid6: using algorithm avx2x2 gen() 27757 MB/s
[    3.961015] raid6: using avx2x2 recovery algorithm
[    3.964314] xor: automatically using best checksumming function:
[    4.002719]    avx       : 22183.000 MB/sec
[    4.005370] async_tx: api initialized (async)
[    4.017217] md: raid6 personality registered for level 6
[    4.018796] md: raid5 personality registered for level 5
[    4.020303] md: raid4 personality registered for level 4
[    4.028992] md: raid10 personality registered for level 10
done.
Begin: Running /scripts/init-premount ... done.
Begin: Mounting root file system ... Begin: Running /scripts/local-top ... done.
Begin: Running /scripts/local-premount ... [    4.062407] Btrfs loaded
Scanning for Btrfs filesystems
done.
Warning: fsck not present, so skipping root file system
[    4.096190] EXT4-fs (sda1): INFO: recovery required on readonly filesystem
[    4.098568] EXT4-fs (sda1): write access will be enabled during recovery
[    4.311103] EXT4-fs (sda1): recovery complete
[    4.312695] EXT4-fs (sda1): mounted filesystem with ordered data mode. Opts: (null)
done.
Begin: Running /scripts/local-bottom ... done.
Begin: Running /scripts/init-bottom ... done.
[    4.847610] systemd[1]: systemd 229 running in system mode. (+PAM +AUDIT +SELINUX +IMA +APPARMOR +SMACK +SYSVINIT +UTMP +LIBCRYPTSETUP +GCRYPT +GNUTLS +ACL +XZ -LZ4 +SECCOMP +BLKID +ELFUTILS +KMOD -IDN)
[    4.852486] systemd[1]: Detected virtualization oracle.
[    4.853623] systemd[1]: Detected architecture x86-64.

Welcome to [1mUbuntu 16.04.6 LTS[0m!

[    4.875993] systemd[1]: Set hostname to <ubuntu-xenial>.
[    5.038405] random: nonblocking pool is initialized
[    5.542336] systemd[1]: Listening on Journal Socket.
[[0;32m  OK  [0m] Listening on Journal Socket.
[    5.545725] systemd[1]: Created slice System Slice.
[[0;32m  OK  [0m] Created slice System Slice.
[    5.558423] systemd[1]: Starting Set console keymap...
         Starting Set console keymap...
[    5.562113] systemd[1]: Mounting Debug File System...
         Mounting Debug File System...
[    5.565254] systemd[1]: Mounting Huge Pages File System...
         Mounting Huge Pages File System...
[    5.574476] systemd[1]: Listening on Journal Socket (/dev/log).
[[0;32m  OK  [0m] Listening on Journal Socket (/dev/log).
[    5.577896] systemd[1]: Reached target Swap.
[[0;32m  OK  [0m] Reached target Swap.
[    5.594273] systemd[1]: Mounting POSIX Message Queue File System...
         Mounting POSIX Message Queue File System...
[    5.597847] systemd[1]: Set up automount Arbitrary Executable File Formats File System Automount Point.
[[0;32m  OK  [0m] Set up automount Arbitrary Executab...ats File System Automount Point.
[    5.622514] systemd[1]: Reached target Encrypted Volumes.
[[0;32m  OK  [0m] Reached target Encrypted Volumes.
[    5.625869] systemd[1]: Started Forward Password Requests to Wall Directory Watch.
[[0;32m  OK  [0m] Started Forward Password Requests to Wall Directory Watch.
[    5.629314] systemd[1]: Listening on Journal Audit Socket.
[[0;32m  OK  [0m] Listening on Journal Audit Socket.
[    5.642213] systemd[1]: Starting Remount Root and Kernel File Systems...
         Starting Remount Root and Kernel File Systems...
[    5.654555] systemd[1]: Starting Nameserver information manager...
[    5.657615] EXT4-fs (sda1): re-mounted. Opts: (null)
         Starting Nameserver information manager...
[    5.661143] systemd[1]: Reached target System Time Synchronized.
[[0;32m  OK  [0m] Reached target System Time Synchronized.
[    5.674207] systemd[1]: Listening on /dev/initctl Compatibility Named Pipe.
[[0;32m  OK  [0m] Listening on /dev/initctl Compatibility Named Pipe.
[    5.677241] systemd[1]: Listening on Syslog Socket.
[[0;32m  OK  [0m] Listening on Syslog Socket.
[    5.680338] systemd[1]: Listening on udev Kernel Socket.
[[0;32m  OK  [0m] Listening on udev Kernel Socket.
[    5.707049] systemd[1]: Starting Journal Service...
         Starting Journal Service...
[    5.714747] systemd[1]: Starting Load Kernel Modules...
         Starting Load Kernel Modules...
[    5.722262] systemd[1]: Listening on LVM2 metadata daemon socket.
[[0;32m  OK  [0m] Listening on LVM2 metadata daemon socket.
[    5.726513] systemd[1]: Created slice system-serial\x2dgetty.slice.
[[0;32m  OK  [0m] Created slice system-serial\x2dgetty.slice.
[    5.730564] systemd[1]: Starting Uncomplicated firewall...
         Starting Uncomplicated firewall...
[    5.733389] systemd[1]: Started Trigger resolvconf update for networkd DNS.
[[0;32m  OK  [0m] Started Trigger resolvconf update for networkd DNS.
[    5.736867] systemd[1]: Created slice User and Session Slice.
[[0;32m  OK  [0m] Created slice User and Session Slice.
[    5.740207] systemd[1]: Reached target User and Group Name Lookups.
[[0;32m  OK  [0m] Reached target User and Group Name Lookups.
[    5.742989] systemd[1]: Listening on udev Control Socket.
[[0;32m  OK  [0m] Listening on udev Control Socket.
[    5.745336] systemd[1]: Reached target Slices.
[[0;32m  OK  [0m] Reached target Slices.
[    5.748152] systemd[1]: Listening on Device-mapper event daemon FIFOs.
[[0;32m  OK  [0m] Listening on Device-mapper event daemon FIFOs.
[    5.752597] systemd[1]: Starting Monitoring of LVM2 mirrors, snapshots etc. using dmeventd or progress polling...
         Starting Monitoring of LVM2 mirrors... dmeventd or progress polling...
[    5.765678] Loading iSCSI transport class v2.0-870.
[    5.767304] systemd[1]: Listening on LVM2 poll daemon socket.
[[0;32m  OK  [0m] Listening on LVM2 poll daemon socket.
[    5.770790] systemd[1]: Starting Create list of required static device nodes for the current kernel...
         Starting Create list of required st... nodes for the current kernel...
[    5.783475] systemd[1]: Mounted Debug File System.
[[0;32m  OK  [0m] Mounted Debug File System.
[    5.786850] systemd[1]: Mounted POSIX Message Queue File System.
[[0;32m  OK  [0m] Mounted POSIX Message Queue File System.
[    5.798137] systemd[1]: Mounted Huge Pages File System.
[[0;32m  OK  [0m] Mounted Huge Pages File System.
[    5.806428] systemd[1]: Started Set console keymap.
[[0;32m  OK  [0m] Started Set console keymap.
[    5.810163] systemd[1]: Started Remount Root and Kernel File Systems.
[[0;32m  OK  [0m] Started Remount Root and Kernel File Systems.
[    5.824507] systemd[1]: Started Uncomplicated firewall.
[[0;32m  OK  [0m] Started Uncomplicated firewall.
[    5.830558] iscsi: registered transport (tcp)
[    5.834609] systemd[1]: Started Create list of required static device nodes for the current kernel.
[[0;32m  OK  [0m] Started Create list of required sta...ce nodes for the current kernel.
[    5.853036] systemd[1]: Started Nameserver information manager.
[[0;32m  OK  [0m] Started Nameserver information manager.
[    5.858058] systemd[1]: Started Journal Service.
[[0;32m  OK  [0m] Started Journal Service.
         Starting Create Static Device Nodes in /dev...
         Starting udev Coldplug all Devices...
         Starting Flush Journal to Persistent Storage...
         Starting Load/Save Random Seed...
[[0;32m  OK  [0m] Started LVM2 metadata daemon.
[    5.995858] systemd-journald[397]: Received request to flush runtime journal from PID 1
[    5.996037] iscsi: registered transport (iser)
[[0;32m  OK  [0m] Started Load Kernel Modules.
         Mounting FUSE Control File System...
         Starting Apply Kernel Variables...
[[0;32m  OK  [0m] Mounted FUSE Control File System.
[[0;32m  OK  [0m] Started Flush Journal to Persistent Storage.
[[0;32m  OK  [0m] Started Load/Save Random Seed.
[[0;32m  OK  [0m] Started udev Coldplug all Devices.
[[0;32m  OK  [0m] Started Apply Kernel Variables.
[[0;32m  OK  [0m] Started Create Static Device Nodes in /dev.
         Starting udev Kernel Device Manager...
[[0;32m  OK  [0m] Started udev Kernel Device Manager.
[[0;32m  OK  [0m] Started Dispatch Password Requests to Console Directory Watch.
[[0;32m  OK  [0m] Started Monitoring of LVM2 mirrors,...ng dmeventd or progress polling.
[[0;32m  OK  [0m] Reached target Local File Systems (Pre).
[[0;32m  OK  [0m] Reached target Local File Systems.
         Starting Create Volatile Files and Directories...
         Starting Tell Plymouth To Write Out Runtime Data...
         Starting Initial cloud-init job (pre-networking)...
         Starting Set console font and keymap...
         Starting LSB: AppArmor initialization...
[[0;32m  OK  [0m] Found device /dev/ttyS0.
[[0;32m  OK  [0m] Started Create Volatile Files and Directories.
         Starting Update UTMP about System Boot/Shutdown...
[[0;32m  OK  [0m] Started Tell Plymouth To Write Out Runtime Data.
[[0;32m  OK  [0m] Listening on Load/Save RF Kill Switch Status /dev/rfkill Watch.
[[0;32m  OK  [0m] Started Update UTMP about System Boot/Shutdown.
[[0;32m  OK  [0m] Found device 82540EM Gigabit Ethern...r (PRO/1000 MT Desktop Adapter).
[[0;32m  OK  [0m] Started Set console font and keymap.
[[0;32m  OK  [0m] Created slice system-getty.slice.
[[0;32m  OK  [0m] Started LSB: AppArmor initialization.
[    8.900033] cloud-init[489]: Cloud-init v. 19.2-36-g059d049c-0ubuntu2~16.04.1 running 'init-local' at Wed, 13 Nov 2019 15:30:28 +0000. Up 8.50 seconds.
[[0;32m  OK  [0m] Started Initial cloud-init job (pre-networking).
[[0;32m  OK  [0m] Reached target Network (Pre).
         Starting Raise network interfaces...
[[0;32m  OK  [0m] Started ifup for enp0s3.
[[0;32m  OK  [0m] Started Raise network interfaces.
[[0;32m  OK  [0m] Reached target Network.
         Starting Initial cloud-init job (metadata service crawler)...
[    9.819699] cloud-init[980]: Cloud-init v. 19.2-36-g059d049c-0ubuntu2~16.04.1 running 'init' at Wed, 13 Nov 2019 15:30:29 +0000. Up 9.41 seconds.
[    9.828689] cloud-init[980]: ci-info: ++++++++++++++++++++++++++++++++++++++Net device info++++++++++++++++++++++++++++++++++++++
[    9.836388] cloud-init[980]: ci-info: +--------+------+----------------------------+---------------+--------+-------------------+
[    9.851792] [cloud-init[0;32m  OK  [0m[980]: ] ci-info: | Device |  Up  |          Address           |      Mask     | Scope  |     Hw-Address    |Started Initial cloud-init job (metadata service crawler).

[    9.853472] cloud-init[980]: ci-info: +--------+------+----------------------------+---------------+--------+-------------------+
[    9.862484] [cloud-init[0;32m  OK  [0m[980]: ] ci-info: | enp0s3 | True |         10.0.2.15          | 255.255.255.0 | global | 02:af:57:b2:64:eb |Reached target System Initialization.

[    9.863151] cloud-init[980]: ci-info: | enp0s3 | True | fe80::af:57ff:feb2:64eb/64 |       .       |  link  | 02:af:57:b2:64:eb |
[    9.867470] cloud-init[980]: ci-info: |   lo   | True |         127.0.0.1          |   255.0.0.0   |  host  |         .         |
[    9.869376] cloud-init[980]: ci-info: |   lo   | True |          ::1/128           |       .       |  host  |         .         |
[    9.871612] cloud-init[980]: ci-info: +--------+------+----------------------------+---------------+--------+-------------------+
[    9.873803] cloud-init[980]: ci-info: +++++++++++++++++++++++++++Route IPv4 info++++++++++++++++++++++++++++
[    9.875681] cloud-init[980]: [[0;32m  OK  [0m] Started ACPI Events Check.
[[0;32m  OK  [0m] Reached target Paths.
         Starting LXD - unix socket.
ci-info: +-------+-------------+----------+---------------+-----------+-------+
[    9.879684] cloud-init[980]: ci-info: | Route | Destination | Gateway  |    Genmask    | Interface | Flags |
[    9.881490] cloud-init[980]: ci-info: +-------+-------------+----------+---------------+-----------+-------+
[    9.888531] [cloud-init[0;32m  OK  [0m[980]: ] ci-info: |   0   |   0.0.0.0   | 10.0.2.2 |    0.0.0.0    |   enp0s3  |   UG  |Started Daily apt download activities.

         Starting Socket activation for snappy daemon.
[[0;32m  OK  [0m] Listening on UUID daemon activation socket.
[    9.889140] cloud-init[980]: ci-info: |   1   |   10.0.2.0  | 0.0.0.0  | 255.255.255.0 |   enp0s3  |   U   |
[    9.894351] [[0;32m  OK  [0m] Listening on D-Bus System Message Bus Socket.
[[0;32m  OK  [0m] Started Daily apt upgrade and clean activities.
[[0;32m  OK  [0m] Listening on ACPID Listen Socket.
[[0;32m  OK  [0m] Started Daily Cleanup of Temporary Directories.
[[0;32m  OK  [0m] Reached target Timers.
[[0;32m  OK  [0m] Reached target Cloud-config availability.
[[0;32m  OK  [0m] Reached target Network is Online.
cloud-init[980]: ci-info: +-------+-------------+----------+---------------+-----------+-------+
[    9.901346] cloud-init[980]: ci-info: +++++++++++++++++++Route IPv6 info+++++++++++++++++++
[    9.902920] cloud-init[980]: ci-info: +-------+-------------+---------+-----------+-------+
[    9.904543] cloud-init[980]: ci-info: | Route | Destination | Gateway | Interface | Flags |
[    9.906133] cloud-init[980]: ci-info: +-------+-------------+---------+-----------+-------+
[    9.907525] cloud-init[980]: ci-info: |   0   |  fe80::/64  |    ::   |   enp0s3  |   U   |         Starting iSCSI initiator daemon (iscsid)...

[    9.916499] [cloud-init[0;32m  OK  [0m[980]: ] ci-info: |   3   |   ff00::/8  |    ::   |   enp0s3  |   U   |Listening on LXD - unix socket.

[[0;32m  OK  [0m] Listening on Socket activation for snappy daemon.
[    9.916851] cloud-init[980]: ci-info: +-------+-------------+---------+-----------+-------+
[[0;32m  OK  [0m] Reached target Sockets.
[[0;32m  OK  [0m] Reached target Basic System.
         Starting LSB: MD monitoring daemon...
[[0;32m  OK  [0m] Started Regular background program processing daemon.
         Starting Accounts Service...
[[0;32m  OK  [0m] Started ACPI event daemon.
         Starting Snappy daemon...
[[0;32m  OK  [0m] Started D-Bus System Message Bus.
         Starting LSB: Record successful boot for GRUB...
         Starting OpenBSD Secure Shell server...
         Starting /etc/rc.local Compatibility...
         Starting Virtualbox guest utils...
         Starting System Logging Service...
[[0;32m  OK  [0m] Started FUSE filesystem for LXC.
[[0;32m  OK  [0m] Started Deferred execution scheduler.
         Starting Login Service...
         Starting LXD - container startup/shutdown...
[[0;32m  OK  [0m] Started /etc/rc.local Compatibility.
         Starting Authenticate and Authorize Users to Run Privileged Tasks...
[[0;32m  OK  [0m] Started iSCSI initiator daemon (iscsid).
         Starting Login to default iSCSI targets...
[[0;32m  OK  [0m] Started Login Service.
[[0;32m  OK  [0m] Started Unattended Upgrades Shutdown.
[[0;32m  OK  [0m] Started LSB: Record successful boot for GRUB.
[[0;32m  OK  [0m] Started LSB: MD monitoring daemon.
[[0;32m  OK  [0m] Started Login to default iSCSI targets.
[[0;32m  OK  [0m] Reached target Remote File Systems (Pre).
[[0;32m  OK  [0m] Reached target Remote File Systems.
         Starting LSB: automatic crash report generation...
         Starting LSB: Set the CPU Frequency Scaling governor to "ondemand"...
         Starting Permit User Sessions...
         Starting LSB: daemon to balance interrupts for SMP systems...
[[0;32m  OK  [0m] Started LSB: Set the CPU Frequency Scaling governor to "ondemand".
[[0;32m  OK  [0m] Started System Logging Service.
[[0;32m  OK  [0m] Started Permit User Sessions.
         Starting Terminate Plymouth Boot Screen...
         Starting Hold until boot process finishes up...
[[0;32m  OK  [0m] Started Hold until boot process finishes up.
         Starting Set console scheme...
[[0;32m  OK  [0m] Started Serial Getty on ttyS0.
[[0;32m  OK  [0m] Started Getty on tty1.
[[0;32m  OK  [0m] Reached target Login Prompts.
[[0;32m  OK  [0m] Started Terminate Plymouth Boot Screen.
[[0;32m  OK  [0m] Started Authenticate and Authorize Users to Run Privileged Tasks.
[[0;32m  OK  [0m] Started Accounts Service.
[[0;32m  OK  [0m] Started Set console scheme.
[[0;32m  OK  [0m] Started LSB: daemon to balance interrupts for SMP systems.
[[0;32m  OK  [0m] Started LSB: automatic crash report generation.
[[0;32m  OK  [0m] Started Virtualbox guest utils.
[[0;32m  OK  [0m] Started OpenBSD Secure Shell server.
[[0;32m  OK  [0m] Started Snappy daemon.
         Starting Wait until snapd is fully seeded...
[[0;32m  OK  [0m] Started Wait until snapd is fully seeded.
         Starting Apply the settings specified in cloud-config...
[[0;32m  OK  [0m] Created slice User Slice of vagrant.
         Starting User Manager for UID 1000...
[[0;32m  OK  [0m] Started Session 1 of user vagrant.
[[0;32m  OK  [0m] Started User Manager for UID 1000.
[[0;32m  OK  [0m] Started LXD - container startup/shutdown.
[[0;32m  OK  [0m] Reached target Multi-User System.
[[0;32m  OK  [0m] Reached target Graphical Interface.
         Starting Update UTMP about System Runlevel Changes...
[[0;32m  OK  [0m] Started Update UTMP about System Runlevel Changes.
[   12.994701] cloud-init[1238]: Cloud-init v. 19.2-36-g059d049c-0ubuntu2~16.04.1 running 'modules:config' at Wed, 13 Nov 2019 15:30:32 +0000. Up 12.66 seconds.
[[0;32m  OK  [0m] Started Apply the settings specified in cloud-config.
         Starting Execute cloud user/final scripts...
[   13.580062] cloud-init[1311]: Cloud-init v. 19.2-36-g059d049c-0ubuntu2~16.04.1 running 'modules:final' at Wed, 13 Nov 2019 15:30:33 +0000. Up 13.31 seconds.
[   13.588440] cloud-init[1311]: Cloud-init v. 19.2-36-g059d049c-0ubuntu2~16.04.1 finished at Wed, 13 Nov 2019 15:30:33 +0000. Datasource DataSourceNoCloud [seed=/dev/sdb][dsmode=net].  Up 13.57 seconds
[[0;32m  OK  [0m] Started Execute cloud user/final scripts.
[[0;32m  OK  [0m] Reached target Cloud-init target.
         Starting Daily apt download activities...
         Stopping User Manager for UID 1000...
[[0;32m  OK  [0m] Stopped User Manager for UID 1000.
[[0;32m  OK  [0m] Removed slice User Slice of vagrant.

Ubuntu 16.04.6 LTS ubuntu-xenial ttyS0

ubuntu-xenial login: [[0;32m  OK  [0m] Started ACPI event daemon.
         Stopping LSB: automatic crash report generation...
[[0;32m  OK  [0m] Stopped LSB: automatic crash report generation.
[[0;32m  OK  [0m] Started ACPI event daemon.
[[0;32m  OK  [0m] Started ACPI event daemon.
[[0;32m  OK  [0m] Started ACPI event daemon.
[[0;32m  OK  [0m] Started ACPI event daemon.
[[0;32m  OK  [0m] Started ACPI event daemon.
         Starting LSB: automatic crash report generation...
[[0;32m  OK  [0m] Started LSB: automatic crash report generation.
[[0;32m  OK  [0m] Started ACPI event daemon.
[[0;32m  OK  [0m] Started Daily apt upgrade and clean activities.
